Created by PLY version 3.10 (http://www.dabeaz.com/ply)

Unused terminals:

    COMMENT
    STRING
    BOOLEAN
    EQ
    NEQ
    GT
    GE
    LT
    LE
    PLUS
    MINUS
    PROD
    DIV
    EQUALS
    LPAREN
    RPAREN
    LSQUARE
    RSQUARE
    COMA
    NUMBER
    COL
    SEMI
    IF
    ELSE
    FOR
    IN
    LAMBDA
    MAP
    REDUCE
    FILTER
    INPUT
    OUTPUT

Grammar

Rule 0     S' -> sumElement
Rule 1     sumElement -> ID

Terminals, with rules where they appear

BOOLEAN              : 
COL                  : 
COMA                 : 
COMMENT              : 
DIV                  : 
ELSE                 : 
EQ                   : 
EQUALS               : 
FILTER               : 
FOR                  : 
GE                   : 
GT                   : 
ID                   : 1
IF                   : 
IN                   : 
INPUT                : 
LAMBDA               : 
LE                   : 
LPAREN               : 
LSQUARE              : 
LT                   : 
MAP                  : 
MINUS                : 
NEQ                  : 
NUMBER               : 
OUTPUT               : 
PLUS                 : 
PROD                 : 
REDUCE               : 
RPAREN               : 
RSQUARE              : 
SEMI                 : 
STRING               : 
error                : 

Nonterminals, with rules where they appear

sumElement           : 0

Parsing method: LALR

state 0

    (0) S' -> . sumElement
    (1) sumElement -> . ID

    ID              shift and go to state 2

    sumElement                     shift and go to state 1

state 1

    (0) S' -> sumElement .



state 2

    (1) sumElement -> ID .

    $end            reduce using rule 1 (sumElement -> ID .)

